<?xml version="1.0" encoding="UTF-8"?>
<testng-results ignored="0" total="2" passed="2" failed="0" skipped="0">
  <reporter-output>
  </reporter-output>
  <suite started-at="2024-03-02T21:35:04 IST" name="Default suite" finished-at="2024-03-02T21:35:38 IST" duration-ms="33884">
    <groups>
    </groups>
    <test started-at="2024-03-02T21:35:04 IST" name="Default test" finished-at="2024-03-02T21:35:38 IST" duration-ms="33884">
      <class name="ecom.framework.tests.E2ETest">
        <test-method is-config="true" signature="launchApplication()[pri:0, instance:ecom.framework.tests.E2ETest@543295b0]" started-at="2024-03-02T21:35:04 IST" name="launchApplication" finished-at="2024-03-02T21:35:06 IST" duration-ms="2350" status="PASS">
          <reporter-output>
          </reporter-output>
        </test-method> <!-- launchApplication -->
        <test-method signature="submitOrderTest(java.util.HashMap)[pri:0, instance:ecom.framework.tests.E2ETest@543295b0]" started-at="2024-03-02T21:35:06 IST" name="submitOrderTest" data-provider="getData" finished-at="2024-03-02T21:35:21 IST" duration-ms="14172" status="PASS">
          <params>
            <param index="0">
              <value>
                <![CDATA[{password=Jaigurudev@8, email=wolverine@marvel.com, productName=ZARA COAT 3}]]>
              </value>
            </param>
          </params>
          <reporter-output>
          </reporter-output>
        </test-method> <!-- submitOrderTest -->
        <test-method is-config="true" signature="tearDown()[pri:0, instance:ecom.framework.tests.E2ETest@543295b0]" started-at="2024-03-02T21:35:21 IST" name="tearDown" finished-at="2024-03-02T21:35:21 IST" duration-ms="126" status="PASS">
          <reporter-output>
          </reporter-output>
        </test-method> <!-- tearDown -->
        <test-method is-config="true" signature="launchApplication()[pri:0, instance:ecom.framework.tests.E2ETest@543295b0]" started-at="2024-03-02T21:35:21 IST" name="launchApplication" finished-at="2024-03-02T21:35:23 IST" duration-ms="2559" status="PASS">
          <reporter-output>
          </reporter-output>
        </test-method> <!-- launchApplication -->
        <test-method signature="submitOrderTest(java.util.HashMap)[pri:0, instance:ecom.framework.tests.E2ETest@543295b0]" started-at="2024-03-02T21:35:23 IST" name="submitOrderTest" data-provider="getData" finished-at="2024-03-02T21:35:38 IST" duration-ms="14244" status="PASS">
          <params>
            <param index="0">
              <value>
                <![CDATA[{password=Jaigurudev@8, email=hulk@avengers.com, productName=ADIDAS ORIGINAL}]]>
              </value>
            </param>
          </params>
          <reporter-output>
          </reporter-output>
        </test-method> <!-- submitOrderTest -->
        <test-method is-config="true" signature="tearDown()[pri:0, instance:ecom.framework.tests.E2ETest@543295b0]" started-at="2024-03-02T21:35:38 IST" name="tearDown" finished-at="2024-03-02T21:35:38 IST" duration-ms="142" status="PASS">
          <reporter-output>
          </reporter-output>
        </test-method> <!-- tearDown -->
      </class> <!-- ecom.framework.tests.E2ETest -->
    </test> <!-- Default test -->
  </suite> <!-- Default suite -->
</testng-results>
